<?xml version="1.0" encoding="utf-8" standalone="no"?>
<!--This file represents the results of running a test suite-->
<test-results name="C:\src\utilities\Warehouse\branch\2.1\test\bin\Release\WarehouseTest.exe" total="0" errors="0" failures="0" not-run="118" inconclusive="0" ignored="118" skipped="0" invalid="0" date="2012-02-22" time="18:07:23">
  <environment nunit-version="2.5.10.11092" clr-version="4.0.30319.261" os-version="Microsoft Windows NT 6.1.7601 Service Pack 1" platform="Win32NT" cwd="C:\src\utilities\Warehouse\branch\2.1\test\bin\Release" machine-name="GANDALF" user="Wayne" user-domain="gandalf" />
  <culture-info current-culture="en-US" current-uiculture="en-US" />
  <test-suite type="Assembly" name="C:\src\utilities\Warehouse\branch\2.1\test\bin\Release\WarehouseTest.exe" executed="True" result="Inconclusive" success="False" time="0.123" asserts="0">
    <results>
      <test-suite type="Namespace" name="WarehouseTest" executed="True" result="Inconclusive" success="False" time="0.118" asserts="0">
        <results>
          <test-suite type="TestFixture" name="CompanyTest" executed="False" result="Ignored">
            <reason>
              <message><![CDATA[Ignoring CompanyTest ...]]></message>
            </reason>
            <results>
              <test-case name="WarehouseTest.CompanyTest.Constructor_Test" executed="False" result="Ignored">
                <reason>
                  <message><![CDATA[Ignoring CompanyTest ...]]></message>
                </reason>
              </test-case>
              <test-case name="WarehouseTest.CompanyTest.Copy_Test" executed="False" result="Ignored">
                <reason>
                  <message><![CDATA[Ignoring CompanyTest ...]]></message>
                </reason>
              </test-case>
              <test-case name="WarehouseTest.CompanyTest.Create_Test" executed="False" result="Ignored">
                <reason>
                  <message><![CDATA[Ignoring CompanyTest ...]]></message>
                </reason>
              </test-case>
              <test-case name="WarehouseTest.CompanyTest.Delete_Test" executed="False" result="Ignored">
                <reason>
                  <message><![CDATA[Ignoring CompanyTest ...]]></message>
                </reason>
              </test-case>
              <test-case name="WarehouseTest.CompanyTest.EqualOperator_Test" executed="False" result="Ignored">
                <reason>
                  <message><![CDATA[Ignoring CompanyTest ...]]></message>
                </reason>
              </test-case>
              <test-case name="WarehouseTest.CompanyTest.Equals_Test" executed="False" result="Ignored">
                <reason>
                  <message><![CDATA[Ignoring CompanyTest ...]]></message>
                </reason>
              </test-case>
              <test-case name="WarehouseTest.CompanyTest.Exists_Test" executed="False" result="Ignored">
                <reason>
                  <message><![CDATA[Ignoring CompanyTest ...]]></message>
                </reason>
              </test-case>
              <test-case name="WarehouseTest.CompanyTest.GetHashCode_Test" executed="False" result="Ignored">
                <reason>
                  <message><![CDATA[Ignoring CompanyTest ...]]></message>
                </reason>
              </test-case>
              <test-case name="WarehouseTest.CompanyTest.getRandomWarehouse_Test" executed="False" result="Ignored">
                <reason>
                  <message><![CDATA[Ignoring CompanyTest ...]]></message>
                </reason>
              </test-case>
              <test-case name="WarehouseTest.CompanyTest.NotEqualOperator_Test" executed="False" result="Ignored">
                <reason>
                  <message><![CDATA[Ignoring CompanyTest ...]]></message>
                </reason>
              </test-case>
              <test-case name="WarehouseTest.CompanyTest.Read_Test" executed="False" result="Ignored">
                <reason>
                  <message><![CDATA[Ignoring CompanyTest ...]]></message>
                </reason>
              </test-case>
              <test-case name="WarehouseTest.CompanyTest.ToString_Test" executed="False" result="Ignored">
                <reason>
                  <message><![CDATA[Ignoring CompanyTest ...]]></message>
                </reason>
              </test-case>
              <test-case name="WarehouseTest.CompanyTest.Update_Test" executed="False" result="Ignored">
                <reason>
                  <message><![CDATA[Ignoring CompanyTest ...]]></message>
                </reason>
              </test-case>
            </results>
          </test-suite>
          <test-suite type="TestFixture" name="CustomerTest" executed="False" result="Ignored">
            <reason>
              <message><![CDATA[Ignoring CustomerTest ...]]></message>
            </reason>
            <results>
              <test-case name="WarehouseTest.CustomerTest.Constructor_Test" executed="False" result="Ignored">
                <reason>
                  <message><![CDATA[Ignoring CustomerTest ...]]></message>
                </reason>
              </test-case>
              <test-case name="WarehouseTest.CustomerTest.Copy_Test" executed="False" result="Ignored">
                <reason>
                  <message><![CDATA[Ignoring CustomerTest ...]]></message>
                </reason>
              </test-case>
              <test-case name="WarehouseTest.CustomerTest.Create_Test" executed="False" result="Ignored">
                <reason>
                  <message><![CDATA[Ignoring CustomerTest ...]]></message>
                </reason>
              </test-case>
              <test-case name="WarehouseTest.CustomerTest.Delete_Test" executed="False" result="Ignored">
                <reason>
                  <message><![CDATA[Ignoring CustomerTest ...]]></message>
                </reason>
              </test-case>
              <test-case name="WarehouseTest.CustomerTest.EqualOperator_Test" executed="False" result="Ignored">
                <reason>
                  <message><![CDATA[Ignoring CustomerTest ...]]></message>
                </reason>
              </test-case>
              <test-case name="WarehouseTest.CustomerTest.Equals_Test" executed="False" result="Ignored">
                <reason>
                  <message><![CDATA[Ignoring CustomerTest ...]]></message>
                </reason>
              </test-case>
              <test-case name="WarehouseTest.CustomerTest.Exists_Test" executed="False" result="Ignored">
                <reason>
                  <message><![CDATA[Ignoring CustomerTest ...]]></message>
                </reason>
              </test-case>
              <test-case name="WarehouseTest.CustomerTest.GetHashCode_Test" executed="False" result="Ignored">
                <reason>
                  <message><![CDATA[Ignoring CustomerTest ...]]></message>
                </reason>
              </test-case>
              <test-case name="WarehouseTest.CustomerTest.getRandomWarehouse_Test" executed="False" result="Ignored">
                <reason>
                  <message><![CDATA[Ignoring CustomerTest ...]]></message>
                </reason>
              </test-case>
              <test-case name="WarehouseTest.CustomerTest.NotEqualOperator_Test" executed="False" result="Ignored">
                <reason>
                  <message><![CDATA[Ignoring CustomerTest ...]]></message>
                </reason>
              </test-case>
              <test-case name="WarehouseTest.CustomerTest.Read_Test" executed="False" result="Ignored">
                <reason>
                  <message><![CDATA[Ignoring CustomerTest ...]]></message>
                </reason>
              </test-case>
              <test-case name="WarehouseTest.CustomerTest.ToString_Test" executed="False" result="Ignored">
                <reason>
                  <message><![CDATA[Ignoring CustomerTest ...]]></message>
                </reason>
              </test-case>
              <test-case name="WarehouseTest.CustomerTest.Update_Test" executed="False" result="Ignored">
                <reason>
                  <message><![CDATA[Ignoring CustomerTest ...]]></message>
                </reason>
              </test-case>
            </results>
          </test-suite>
          <test-suite type="TestFixture" name="InventoryTest" executed="False" result="Ignored">
            <reason>
              <message><![CDATA[Ignoring InventoryTest ...]]></message>
            </reason>
            <results>
              <test-case name="WarehouseTest.InventoryTest.Constructor_Test" executed="False" result="Ignored">
                <reason>
                  <message><![CDATA[Ignoring InventoryTest ...]]></message>
                </reason>
              </test-case>
              <test-case name="WarehouseTest.InventoryTest.Copy_Test" executed="False" result="Ignored">
                <reason>
                  <message><![CDATA[Ignoring InventoryTest ...]]></message>
                </reason>
              </test-case>
              <test-case name="WarehouseTest.InventoryTest.Create_Test" executed="False" result="Ignored">
                <reason>
                  <message><![CDATA[Ignoring InventoryTest ...]]></message>
                </reason>
              </test-case>
              <test-case name="WarehouseTest.InventoryTest.Delete_Test" executed="False" result="Ignored">
                <reason>
                  <message><![CDATA[Ignoring InventoryTest ...]]></message>
                </reason>
              </test-case>
              <test-case name="WarehouseTest.InventoryTest.EqualOperator_Test" executed="False" result="Ignored">
                <reason>
                  <message><![CDATA[Ignoring InventoryTest ...]]></message>
                </reason>
              </test-case>
              <test-case name="WarehouseTest.InventoryTest.Equals_Test" executed="False" result="Ignored">
                <reason>
                  <message><![CDATA[Ignoring InventoryTest ...]]></message>
                </reason>
              </test-case>
              <test-case name="WarehouseTest.InventoryTest.Exists_Test" executed="False" result="Ignored">
                <reason>
                  <message><![CDATA[Ignoring InventoryTest ...]]></message>
                </reason>
              </test-case>
              <test-case name="WarehouseTest.InventoryTest.GetHashCode_Test" executed="False" result="Ignored">
                <reason>
                  <message><![CDATA[Ignoring InventoryTest ...]]></message>
                </reason>
              </test-case>
              <test-case name="WarehouseTest.InventoryTest.getRandomWarehouse_Test" executed="False" result="Ignored">
                <reason>
                  <message><![CDATA[Ignoring InventoryTest ...]]></message>
                </reason>
              </test-case>
              <test-case name="WarehouseTest.InventoryTest.NotEqualOperator_Test" executed="False" result="Ignored">
                <reason>
                  <message><![CDATA[Ignoring InventoryTest ...]]></message>
                </reason>
              </test-case>
              <test-case name="WarehouseTest.InventoryTest.Read_Test" executed="False" result="Ignored">
                <reason>
                  <message><![CDATA[Ignoring InventoryTest ...]]></message>
                </reason>
              </test-case>
              <test-case name="WarehouseTest.InventoryTest.ToString_Test" executed="False" result="Ignored">
                <reason>
                  <message><![CDATA[Ignoring InventoryTest ...]]></message>
                </reason>
              </test-case>
              <test-case name="WarehouseTest.InventoryTest.Update_Test" executed="False" result="Ignored">
                <reason>
                  <message><![CDATA[Ignoring InventoryTest ...]]></message>
                </reason>
              </test-case>
            </results>
          </test-suite>
          <test-suite type="TestFixture" name="ItemTest" executed="False" result="Ignored">
            <reason>
              <message><![CDATA[Ignoring ItemTest ...]]></message>
            </reason>
            <results>
              <test-case name="WarehouseTest.ItemTest.Constructor_Test" executed="False" result="Ignored">
                <reason>
                  <message><![CDATA[Ignoring ItemTest ...]]></message>
                </reason>
              </test-case>
              <test-case name="WarehouseTest.ItemTest.Copy_Test" executed="False" result="Ignored">
                <reason>
                  <message><![CDATA[Ignoring ItemTest ...]]></message>
                </reason>
              </test-case>
              <test-case name="WarehouseTest.ItemTest.Create_Test" executed="False" result="Ignored">
                <reason>
                  <message><![CDATA[Ignoring ItemTest ...]]></message>
                </reason>
              </test-case>
              <test-case name="WarehouseTest.ItemTest.Delete_Test" executed="False" result="Ignored">
                <reason>
                  <message><![CDATA[Ignoring ItemTest ...]]></message>
                </reason>
              </test-case>
              <test-case name="WarehouseTest.ItemTest.EqualOperator_Test" executed="False" result="Ignored">
                <reason>
                  <message><![CDATA[Ignoring ItemTest ...]]></message>
                </reason>
              </test-case>
              <test-case name="WarehouseTest.ItemTest.Equals_Test" executed="False" result="Ignored">
                <reason>
                  <message><![CDATA[Ignoring ItemTest ...]]></message>
                </reason>
              </test-case>
              <test-case name="WarehouseTest.ItemTest.Exists_Test" executed="False" result="Ignored">
                <reason>
                  <message><![CDATA[Ignoring ItemTest ...]]></message>
                </reason>
              </test-case>
              <test-case name="WarehouseTest.ItemTest.GetHashCode_Test" executed="False" result="Ignored">
                <reason>
                  <message><![CDATA[Ignoring ItemTest ...]]></message>
                </reason>
              </test-case>
              <test-case name="WarehouseTest.ItemTest.getRandomWarehouse_Test" executed="False" result="Ignored">
                <reason>
                  <message><![CDATA[Ignoring ItemTest ...]]></message>
                </reason>
              </test-case>
              <test-case name="WarehouseTest.ItemTest.NotEqualOperator_Test" executed="False" result="Ignored">
                <reason>
                  <message><![CDATA[Ignoring ItemTest ...]]></message>
                </reason>
              </test-case>
              <test-case name="WarehouseTest.ItemTest.Read_Test" executed="False" result="Ignored">
                <reason>
                  <message><![CDATA[Ignoring ItemTest ...]]></message>
                </reason>
              </test-case>
              <test-case name="WarehouseTest.ItemTest.ToString_Test" executed="False" result="Ignored">
                <reason>
                  <message><![CDATA[Ignoring ItemTest ...]]></message>
                </reason>
              </test-case>
              <test-case name="WarehouseTest.ItemTest.Update_Test" executed="False" result="Ignored">
                <reason>
                  <message><![CDATA[Ignoring ItemTest ...]]></message>
                </reason>
              </test-case>
            </results>
          </test-suite>
          <test-suite type="TestFixture" name="KitTest" executed="False" result="Ignored">
            <reason>
              <message><![CDATA[Ignoring KitTest ...]]></message>
            </reason>
            <results>
              <test-case name="WarehouseTest.KitTest.Constructor_Test" executed="False" result="Ignored">
                <reason>
                  <message><![CDATA[Ignoring KitTest ...]]></message>
                </reason>
              </test-case>
              <test-case name="WarehouseTest.KitTest.Copy_Test" executed="False" result="Ignored">
                <reason>
                  <message><![CDATA[Ignoring KitTest ...]]></message>
                </reason>
              </test-case>
              <test-case name="WarehouseTest.KitTest.Create_Test" executed="False" result="Ignored">
                <reason>
                  <message><![CDATA[Ignoring KitTest ...]]></message>
                </reason>
              </test-case>
              <test-case name="WarehouseTest.KitTest.Delete_Test" executed="False" result="Ignored">
                <reason>
                  <message><![CDATA[Ignoring KitTest ...]]></message>
                </reason>
              </test-case>
              <test-case name="WarehouseTest.KitTest.EqualOperator_Test" executed="False" result="Ignored">
                <reason>
                  <message><![CDATA[Ignoring KitTest ...]]></message>
                </reason>
              </test-case>
              <test-case name="WarehouseTest.KitTest.Equals_Test" executed="False" result="Ignored">
                <reason>
                  <message><![CDATA[Ignoring KitTest ...]]></message>
                </reason>
              </test-case>
              <test-case name="WarehouseTest.KitTest.Exists_Test" executed="False" result="Ignored">
                <reason>
                  <message><![CDATA[Ignoring KitTest ...]]></message>
                </reason>
              </test-case>
              <test-case name="WarehouseTest.KitTest.GetHashCode_Test" executed="False" result="Ignored">
                <reason>
                  <message><![CDATA[Ignoring KitTest ...]]></message>
                </reason>
              </test-case>
              <test-case name="WarehouseTest.KitTest.getRandomWarehouse_Test" executed="False" result="Ignored">
                <reason>
                  <message><![CDATA[Ignoring KitTest ...]]></message>
                </reason>
              </test-case>
              <test-case name="WarehouseTest.KitTest.NotEqualOperator_Test" executed="False" result="Ignored">
                <reason>
                  <message><![CDATA[Ignoring KitTest ...]]></message>
                </reason>
              </test-case>
              <test-case name="WarehouseTest.KitTest.Read_Test" executed="False" result="Ignored">
                <reason>
                  <message><![CDATA[Ignoring KitTest ...]]></message>
                </reason>
              </test-case>
              <test-case name="WarehouseTest.KitTest.ToString_Test" executed="False" result="Ignored">
                <reason>
                  <message><![CDATA[Ignoring KitTest ...]]></message>
                </reason>
              </test-case>
              <test-case name="WarehouseTest.KitTest.Update_Test" executed="False" result="Ignored">
                <reason>
                  <message><![CDATA[Ignoring KitTest ...]]></message>
                </reason>
              </test-case>
            </results>
          </test-suite>
          <test-suite type="TestFixture" name="OrderTest" executed="False" result="Ignored">
            <reason>
              <message><![CDATA[Ignoring OrderTest ...]]></message>
            </reason>
            <results>
              <test-case name="WarehouseTest.OrderTest.Constructor_Test" executed="False" result="Ignored">
                <reason>
                  <message><![CDATA[Ignoring OrderTest ...]]></message>
                </reason>
              </test-case>
              <test-case name="WarehouseTest.OrderTest.Copy_Test" executed="False" result="Ignored">
                <reason>
                  <message><![CDATA[Ignoring OrderTest ...]]></message>
                </reason>
              </test-case>
              <test-case name="WarehouseTest.OrderTest.Create_Test" executed="False" result="Ignored">
                <reason>
                  <message><![CDATA[Ignoring OrderTest ...]]></message>
                </reason>
              </test-case>
              <test-case name="WarehouseTest.OrderTest.Delete_Test" executed="False" result="Ignored">
                <reason>
                  <message><![CDATA[Ignoring OrderTest ...]]></message>
                </reason>
              </test-case>
              <test-case name="WarehouseTest.OrderTest.EqualOperator_Test" executed="False" result="Ignored">
                <reason>
                  <message><![CDATA[Ignoring OrderTest ...]]></message>
                </reason>
              </test-case>
              <test-case name="WarehouseTest.OrderTest.Equals_Test" executed="False" result="Ignored">
                <reason>
                  <message><![CDATA[Ignoring OrderTest ...]]></message>
                </reason>
              </test-case>
              <test-case name="WarehouseTest.OrderTest.Exists_Test" executed="False" result="Ignored">
                <reason>
                  <message><![CDATA[Ignoring OrderTest ...]]></message>
                </reason>
              </test-case>
              <test-case name="WarehouseTest.OrderTest.GetHashCode_Test" executed="False" result="Ignored">
                <reason>
                  <message><![CDATA[Ignoring OrderTest ...]]></message>
                </reason>
              </test-case>
              <test-case name="WarehouseTest.OrderTest.getRandomWarehouse_Test" executed="False" result="Ignored">
                <reason>
                  <message><![CDATA[Ignoring OrderTest ...]]></message>
                </reason>
              </test-case>
              <test-case name="WarehouseTest.OrderTest.NotEqualOperator_Test" executed="False" result="Ignored">
                <reason>
                  <message><![CDATA[Ignoring OrderTest ...]]></message>
                </reason>
              </test-case>
              <test-case name="WarehouseTest.OrderTest.Read_Test" executed="False" result="Ignored">
                <reason>
                  <message><![CDATA[Ignoring OrderTest ...]]></message>
                </reason>
              </test-case>
              <test-case name="WarehouseTest.OrderTest.ToString_Test" executed="False" result="Ignored">
                <reason>
                  <message><![CDATA[Ignoring OrderTest ...]]></message>
                </reason>
              </test-case>
              <test-case name="WarehouseTest.OrderTest.Update_Test" executed="False" result="Ignored">
                <reason>
                  <message><![CDATA[Ignoring OrderTest ...]]></message>
                </reason>
              </test-case>
            </results>
          </test-suite>
          <test-suite type="TestFixture" name="PurchaseOrderTest" executed="False" result="Ignored">
            <reason>
              <message><![CDATA[Ignoring PurchaseOrderTest ...]]></message>
            </reason>
            <results>
              <test-case name="WarehouseTest.PurchaseOrderTest.Constructor_Test" executed="False" result="Ignored">
                <reason>
                  <message><![CDATA[Ignoring PurchaseOrderTest ...]]></message>
                </reason>
              </test-case>
              <test-case name="WarehouseTest.PurchaseOrderTest.Copy_Test" executed="False" result="Ignored">
                <reason>
                  <message><![CDATA[Ignoring PurchaseOrderTest ...]]></message>
                </reason>
              </test-case>
              <test-case name="WarehouseTest.PurchaseOrderTest.Create_Test" executed="False" result="Ignored">
                <reason>
                  <message><![CDATA[Ignoring PurchaseOrderTest ...]]></message>
                </reason>
              </test-case>
              <test-case name="WarehouseTest.PurchaseOrderTest.Delete_Test" executed="False" result="Ignored">
                <reason>
                  <message><![CDATA[Ignoring PurchaseOrderTest ...]]></message>
                </reason>
              </test-case>
              <test-case name="WarehouseTest.PurchaseOrderTest.EqualOperator_Test" executed="False" result="Ignored">
                <reason>
                  <message><![CDATA[Ignoring PurchaseOrderTest ...]]></message>
                </reason>
              </test-case>
              <test-case name="WarehouseTest.PurchaseOrderTest.Equals_Test" executed="False" result="Ignored">
                <reason>
                  <message><![CDATA[Ignoring PurchaseOrderTest ...]]></message>
                </reason>
              </test-case>
              <test-case name="WarehouseTest.PurchaseOrderTest.Exists_Test" executed="False" result="Ignored">
                <reason>
                  <message><![CDATA[Ignoring PurchaseOrderTest ...]]></message>
                </reason>
              </test-case>
              <test-case name="WarehouseTest.PurchaseOrderTest.GetHashCode_Test" executed="False" result="Ignored">
                <reason>
                  <message><![CDATA[Ignoring PurchaseOrderTest ...]]></message>
                </reason>
              </test-case>
              <test-case name="WarehouseTest.PurchaseOrderTest.getRandomWarehouse_Test" executed="False" result="Ignored">
                <reason>
                  <message><![CDATA[Ignoring PurchaseOrderTest ...]]></message>
                </reason>
              </test-case>
              <test-case name="WarehouseTest.PurchaseOrderTest.NotEqualOperator_Test" executed="False" result="Ignored">
                <reason>
                  <message><![CDATA[Ignoring PurchaseOrderTest ...]]></message>
                </reason>
              </test-case>
              <test-case name="WarehouseTest.PurchaseOrderTest.Read_Test" executed="False" result="Ignored">
                <reason>
                  <message><![CDATA[Ignoring PurchaseOrderTest ...]]></message>
                </reason>
              </test-case>
              <test-case name="WarehouseTest.PurchaseOrderTest.ToString_Test" executed="False" result="Ignored">
                <reason>
                  <message><![CDATA[Ignoring PurchaseOrderTest ...]]></message>
                </reason>
              </test-case>
              <test-case name="WarehouseTest.PurchaseOrderTest.Update_Test" executed="False" result="Ignored">
                <reason>
                  <message><![CDATA[Ignoring PurchaseOrderTest ...]]></message>
                </reason>
              </test-case>
            </results>
          </test-suite>
          <test-suite type="TestFixture" name="TableColumnTest" executed="False" result="Ignored">
            <reason>
              <message><![CDATA[Ignoring TableColumnTest ...]]></message>
            </reason>
            <results>
              <test-case name="WarehouseTest.TableColumnTest.Constructor_Test" executed="False" result="Ignored">
                <reason>
                  <message><![CDATA[Ignoring TableColumnTest ...]]></message>
                </reason>
              </test-case>
              <test-case name="WarehouseTest.TableColumnTest.Copy_Test" executed="False" result="Ignored">
                <reason>
                  <message><![CDATA[Ignoring TableColumnTest ...]]></message>
                </reason>
              </test-case>
              <test-case name="WarehouseTest.TableColumnTest.Create_Test" executed="False" result="Ignored">
                <reason>
                  <message><![CDATA[Ignoring TableColumnTest ...]]></message>
                </reason>
              </test-case>
              <test-case name="WarehouseTest.TableColumnTest.Delete_Test" executed="False" result="Ignored">
                <reason>
                  <message><![CDATA[Ignoring TableColumnTest ...]]></message>
                </reason>
              </test-case>
              <test-case name="WarehouseTest.TableColumnTest.EqualOperator_Test" executed="False" result="Ignored">
                <reason>
                  <message><![CDATA[Ignoring TableColumnTest ...]]></message>
                </reason>
              </test-case>
              <test-case name="WarehouseTest.TableColumnTest.Equals_Test" executed="False" result="Ignored">
                <reason>
                  <message><![CDATA[Ignoring TableColumnTest ...]]></message>
                </reason>
              </test-case>
              <test-case name="WarehouseTest.TableColumnTest.Exists_Test" executed="False" result="Ignored">
                <reason>
                  <message><![CDATA[Ignoring TableColumnTest ...]]></message>
                </reason>
              </test-case>
              <test-case name="WarehouseTest.TableColumnTest.GetHashCode_Test" executed="False" result="Ignored">
                <reason>
                  <message><![CDATA[Ignoring TableColumnTest ...]]></message>
                </reason>
              </test-case>
              <test-case name="WarehouseTest.TableColumnTest.getRandomWarehouse_Test" executed="False" result="Ignored">
                <reason>
                  <message><![CDATA[Ignoring TableColumnTest ...]]></message>
                </reason>
              </test-case>
              <test-case name="WarehouseTest.TableColumnTest.NotEqualOperator_Test" executed="False" result="Ignored">
                <reason>
                  <message><![CDATA[Ignoring TableColumnTest ...]]></message>
                </reason>
              </test-case>
              <test-case name="WarehouseTest.TableColumnTest.Read_Test" executed="False" result="Ignored">
                <reason>
                  <message><![CDATA[Ignoring TableColumnTest ...]]></message>
                </reason>
              </test-case>
              <test-case name="WarehouseTest.TableColumnTest.ToString_Test" executed="False" result="Ignored">
                <reason>
                  <message><![CDATA[Ignoring TableColumnTest ...]]></message>
                </reason>
              </test-case>
              <test-case name="WarehouseTest.TableColumnTest.Update_Test" executed="False" result="Ignored">
                <reason>
                  <message><![CDATA[Ignoring TableColumnTest ...]]></message>
                </reason>
              </test-case>
            </results>
          </test-suite>
          <test-suite type="TestFixture" name="TableJoinTest" executed="False" result="Ignored">
            <reason>
              <message><![CDATA[Ignoring TableJoinTest ...]]></message>
            </reason>
            <results>
              <test-case name="WarehouseTest.TableJoinTest.AbecasJoin_Test" executed="False" result="Ignored">
                <reason>
                  <message><![CDATA[Ignoring TableJoinTest ...]]></message>
                </reason>
              </test-case>
            </results>
          </test-suite>
          <test-suite type="TestFixture" name="TableTest" executed="False" result="Ignored">
            <reason>
              <message><![CDATA[Ignoring TableTest ...]]></message>
            </reason>
            <results>
              <test-case name="WarehouseTest.TableTest.Constructor_Test" executed="False" result="Ignored">
                <reason>
                  <message><![CDATA[Ignoring TableTest ...]]></message>
                </reason>
              </test-case>
              <test-case name="WarehouseTest.TableTest.Copy_Test" executed="False" result="Ignored">
                <reason>
                  <message><![CDATA[Ignoring TableTest ...]]></message>
                </reason>
              </test-case>
              <test-case name="WarehouseTest.TableTest.Create_Test" executed="False" result="Ignored">
                <reason>
                  <message><![CDATA[Ignoring TableTest ...]]></message>
                </reason>
              </test-case>
              <test-case name="WarehouseTest.TableTest.Delete_Test" executed="False" result="Ignored">
                <reason>
                  <message><![CDATA[Ignoring TableTest ...]]></message>
                </reason>
              </test-case>
              <test-case name="WarehouseTest.TableTest.EqualOperator_Test" executed="False" result="Ignored">
                <reason>
                  <message><![CDATA[Ignoring TableTest ...]]></message>
                </reason>
              </test-case>
              <test-case name="WarehouseTest.TableTest.Equals_Test" executed="False" result="Ignored">
                <reason>
                  <message><![CDATA[Ignoring TableTest ...]]></message>
                </reason>
              </test-case>
              <test-case name="WarehouseTest.TableTest.Exists_Test" executed="False" result="Ignored">
                <reason>
                  <message><![CDATA[Ignoring TableTest ...]]></message>
                </reason>
              </test-case>
              <test-case name="WarehouseTest.TableTest.GetHashCode_Test" executed="False" result="Ignored">
                <reason>
                  <message><![CDATA[Ignoring TableTest ...]]></message>
                </reason>
              </test-case>
              <test-case name="WarehouseTest.TableTest.getRandomWarehouse_Test" executed="False" result="Ignored">
                <reason>
                  <message><![CDATA[Ignoring TableTest ...]]></message>
                </reason>
              </test-case>
              <test-case name="WarehouseTest.TableTest.NotEqualOperator_Test" executed="False" result="Ignored">
                <reason>
                  <message><![CDATA[Ignoring TableTest ...]]></message>
                </reason>
              </test-case>
              <test-case name="WarehouseTest.TableTest.Read_Test" executed="False" result="Ignored">
                <reason>
                  <message><![CDATA[Ignoring TableTest ...]]></message>
                </reason>
              </test-case>
              <test-case name="WarehouseTest.TableTest.ToString_Test" executed="False" result="Ignored">
                <reason>
                  <message><![CDATA[Ignoring TableTest ...]]></message>
                </reason>
              </test-case>
              <test-case name="WarehouseTest.TableTest.Update_Test" executed="False" result="Ignored">
                <reason>
                  <message><![CDATA[Ignoring TableTest ...]]></message>
                </reason>
              </test-case>
            </results>
          </test-suite>
        </results>
      </test-suite>
    </results>
  </test-suite>
</test-results>